<?xml version="1.0" encoding="UTF-8"?>
<!-- Generated by org.testng.reporters.JUnitXMLReporter -->
<testsuite ignored="0" hostname="DESKTOP-09FB4NU" failures="0" tests="7" name="Surefire test" time="52.067" errors="0" timestamp="2023-11-09T11:24:11 ART">
  <testcase classname="pruebas.Test_BonusTrack4b" name="@BeforeTest setUp" time="-1.699539829741E9">
    <failure type="org.testng.TestNGException" message="
Parameter &amp;apos;navegador&amp;apos; is required by BeforeTest on method setUp but has not been marked @Optional or defined
">
      <![CDATA[org.testng.TestNGException: 
Parameter 'navegador' is required by BeforeTest on method setUp but has not been marked @Optional or defined

... Removed 26 stack frames]]>
    </failure>
  </testcase> <!-- @BeforeTest setUp -->
  <testcase classname="Test_BonusTrack5b" name="@AfterTest setDown" time="0.0">
    <skipped/>
  </testcase> <!-- @AfterTest setDown -->
  <testcase classname="pruebas.Test_BonusTrack4b" name="@AfterTest setDown" time="0.0">
    <skipped/>
  </testcase> <!-- @AfterTest setDown -->
  <testcase classname="pruebas.Test_BonusTrack4b" name="crearUsuario" time="0.0">
    <skipped/>
  </testcase> <!-- crearUsuario -->
  <testcase classname="Test_BonusTrack1b" name="ChromeDriver" time="0.0">
    <skipped/>
  </testcase> <!-- ChromeDriver -->
  <testcase classname="Test_BonusTrack2b" name="IngresoUsuario" time="0.0">
    <skipped/>
  </testcase> <!-- IngresoUsuario -->
  <testcase classname="Test_BonusTrack3b" name="IngresoUsuario" time="0.0">
    <skipped/>
  </testcase> <!-- IngresoUsuario -->
  <testcase classname="Test_BonusTrack5b" name="crearUsuario" time="0.0">
    <skipped/>
  </testcase> <!-- crearUsuario -->
  <testcase classname="Test_BonusTrack5b" name="crearUsuario" time="0.0">
    <skipped/>
  </testcase> <!-- crearUsuario -->
  <testcase classname="Test_BonusTrack5b" name="editarDatos" time="0.0">
    <skipped/>
  </testcase> <!-- editarDatos -->
</testsuite> <!-- Surefire test -->
