-------------------------------------------------------------------------------
Test set: TestSuite
-------------------------------------------------------------------------------
Tests run: 11, Failures: 1, Errors: 0, Skipped: 10, Time elapsed: 98.284 s <<< FAILURE! - in TestSuite
setUp(pruebas.Test_BonusTrack4b)  Time elapsed: 75.778 s  <<< FAILURE!
org.testng.TestNGException: 

Parameter 'navegador' is required by BeforeTest on method setUp but has not been marked @Optional or defined


